Change Component Designator: OldDesignator=C2 NewDesignator=C3
Change Component Designator: OldDesignator=C3 NewDesignator=C2
Change Component Designator: OldDesignator=R1 NewDesignator=R2
Change Component Designator: OldDesignator=R2 NewDesignator=R3
Change Component Designator: OldDesignator=R3 NewDesignator=R1
Added Pin To Net: NetName=COMM_HI Pin=J1-5
Added Pin To Net: NetName=RXD0 Pin=P1-3
Added Pin To Net: NetName=TXD0 Pin=P1-4
Change Net Name : Old Net Name=KEY_4 New Net Name=KEY
Change Net Name : Old Net Name=P+_4 New Net Name=P+
Change Net Name : Old Net Name=P-_4 New Net Name=P-
Change Net Name : Old Net Name=UI+_4 New Net Name=UI+
Change Net Name : Old Net Name=UI-_4 New Net Name=UI-
Added Pin To Net: NetName=BOOT_MODE Pin=MD1-25
Added Pin To Net: NetName=BOOT_MODE Pin=P1-5
Added Net: Name=BOOT_MODE
Added Pin To Net: NetName=RST Pin=MD1-3
Added Pin To Net: NetName=RST Pin=P1-6
Added Pin To Net: NetName=RST Pin=R1-2
Added Net: Name=RST
